Build started 25/04/2018 05.29.37.
     1>Project "E:\Users\charisma\documents\visual studio 2015\Projects\TicTacToeOGL\TicTacToeOGL\TicTacToeOGL.vcxproj" on node 2 (Rebuild target(s)).
     1>ClCompile:
         C:\Program Files (x86)\Microsoft Visual Studio 14.0\VC\bin\CL.exe /c /I"E:\OpenGL\freeglut-3.0.0\include" /Zi /nologo /W3 /WX- /O2 /Oi /Oy- /GL /D WIN32 /D NDEBUG /D _CONSOLE /D _LIB /D _UNICODE /D UNICODE /Gm- /EHsc /MD /GS /Gy /fp:precise /Zc:wchar_t /Zc:forScope /Zc:inline /Fo"Release\\" /Fd"Release\vc140.pdb" /Gd /TP /analyze- /errorReport:prompt OGL.cpp
         OGL.cpp
     1>OGL.cpp(39): warning C4244: 'initializing': conversion from 'double' to 'float', possible loss of data
     1>OGL.cpp(56): warning C4244: 'argument': conversion from 'int' to 'GLfloat', possible loss of data
     1>OGL.cpp(57): warning C4244: 'argument': conversion from 'int' to 'GLfloat', possible loss of data
     1>OGL.cpp(59): warning C4244: 'argument': conversion from 'int' to 'GLfloat', possible loss of data
     1>OGL.cpp(60): warning C4244: 'argument': conversion from 'int' to 'GLfloat', possible loss of data
     1>OGL.cpp(102): warning C4244: 'argument': conversion from 'int' to 'GLfloat', possible loss of data
     1>OGL.cpp(103): warning C4244: 'argument': conversion from 'int' to 'GLfloat', possible loss of data
     1>OGL.cpp(103): warning C4244: 'argument': conversion from 'const int' to 'GLfloat', possible loss of data
     1>OGL.cpp(106): warning C4244: 'argument': conversion from 'int' to 'GLfloat', possible loss of data
     1>OGL.cpp(107): warning C4244: 'argument': conversion from 'const int' to 'GLfloat', possible loss of data
     1>OGL.cpp(107): warning C4244: 'argument': conversion from 'int' to 'GLfloat', possible loss of data
       Link:
         C:\Program Files (x86)\Microsoft Visual Studio 14.0\VC\bin\link.exe /ERRORREPORT:PROMPT /OUT:"E:\Users\charisma\documents\visual studio 2015\Projects\TicTacToeOGL\Release\TicTacToeOGL.exe" /INCREMENTAL:NO /NOLOGO /LIBPATH:"E:\OpenGL\freeglut-3.0.0\build\lib\Release" kernel32.lib user32.lib gdi32.lib winspool.lib comdlg32.lib advapi32.lib shell32.lib ole32.lib oleaut32.lib uuid.lib odbc32.lib odbccp32.lib /MANIFEST /MANIFESTUAC:"level='asInvoker' uiAccess='false'" /manifest:embed /Debug /PDB:"E:\Users\charisma\documents\visual studio 2015\Projects\TicTacToeOGL\Release\TicTacToeOGL.pdb" /SUBSYSTEM:CONSOLE /OPT:REF /OPT:ICF /LTCG:incremental /TLBID:1 /DYNAMICBASE /NXCOMPAT /IMPLIB:"E:\Users\charisma\documents\visual studio 2015\Projects\TicTacToeOGL\Release\TicTacToeOGL.lib" /MACHINE:X86 /SAFESEH Release\OGL.obj
         Generating code
         All 29 functions were compiled because no usable IPDB/IOBJ from previous compilation was found.
         Finished generating code
         TicTacToeOGL.vcxproj -> E:\Users\charisma\documents\visual studio 2015\Projects\TicTacToeOGL\Release\TicTacToeOGL.exe
     1>Done Building Project "E:\Users\charisma\documents\visual studio 2015\Projects\TicTacToeOGL\TicTacToeOGL\TicTacToeOGL.vcxproj" (Rebuild target(s)).

Build succeeded.

Time Elapsed 00:00:07.94
